<?xml version="1.0" encoding="UTF-8"?>
<!-- Generated by org.testng.reporters.JUnitXMLReporter -->
<testsuite hostname="sean-it.thegarden.com" name="Default test" tests="10" failures="0" timestamp="30 Aug 2017 15:33:29 GMT" time="175.02" errors="0">
  <testcase name="MSGEEAPI000All" time="23.89" classname="com.msg.qa.tests.MSGAPI.EventEngine.EventEngineAPIRegressionTestSuite"/>
  <testcase name="MSGEEAPI001VenuesPositive" time="1.017" classname="com.msg.qa.tests.MSGAPI.EventEngine.EventEngineAPIRegressionTestSuite"/>
  <testcase name="MSGEEAPI002VenuesEdge" time="0.709" classname="com.msg.qa.tests.MSGAPI.EventEngine.EventEngineAPIRegressionTestSuite"/>
  <testcase name="MSGEEAPI003VenuesNegative" time="0.872" classname="com.msg.qa.tests.MSGAPI.EventEngine.EventEngineAPIRegressionTestSuite"/>
  <testcase name="MSGEEAPI004ArtistsPositive" time="3.351" classname="com.msg.qa.tests.MSGAPI.EventEngine.EventEngineAPIRegressionTestSuite"/>
  <testcase name="MSGEEAPI005ArtistsEdge" time="2.755" classname="com.msg.qa.tests.MSGAPI.EventEngine.EventEngineAPIRegressionTestSuite"/>
  <testcase name="MSGEEAPI006ArtistsNegative" time="0.399" classname="com.msg.qa.tests.MSGAPI.EventEngine.EventEngineAPIRegressionTestSuite"/>
  <testcase name="MSGEEAPI007DatesPositive" time="2.238" classname="com.msg.qa.tests.MSGAPI.EventEngine.EventEngineAPIRegressionTestSuite"/>
  <testcase name="MSGEEAPI008DatesEdge" time="2.297" classname="com.msg.qa.tests.MSGAPI.EventEngine.EventEngineAPIRegressionTestSuite"/>
  <testcase name="MSGEEAPI009DatesNegative" time="2.047" classname="com.msg.qa.tests.MSGAPI.EventEngine.EventEngineAPIRegressionTestSuite"/>
</testsuite> <!-- Default test -->
